#
# There is insufficient memory for the Java Runtime Environment to continue.
# Native memory allocation (mmap) failed to map 26214400 bytes for Failed to commit area from 0x00000000c7d00000 to 0x00000000c9600000 of length 26214400.
# Possible reasons:
#   The system is out of physical RAM or swap space
#   The process is running with CompressedOops enabled, and the Java Heap may be blocking the growth of the native heap
# Possible solutions:
#   Reduce memory load on the system
#   Increase physical memory or swap space
#   Check if swap backing store is full
#   Decrease Java heap size (-Xmx/-Xms)
#   Decrease number of Java threads
#   Decrease Java thread stack sizes (-Xss)
#   Set larger code cache with -XX:ReservedCodeCacheSize=
#   JVM is running with Unscaled Compressed Oops mode in which the Java heap is
#     placed in the first 4GB address space. The Java Heap base address is the
#     maximum limit for the native heap growth. Please use -XX:HeapBaseMinAddress
#     to set the Java Heap base and to place the Java Heap above 4GB virtual address.
# This output file may be truncated or incomplete.
#
#  Out of Memory Error (./open/src/hotspot/os/windows/os_windows.cpp:3273), pid=10060, tid=5248
#
# JRE version: Java(TM) SE Runtime Environment 18.9 (11.0.10+8) (build 11.0.10+8-LTS-162)
# Java VM: Java HotSpot(TM) 64-Bit Server VM 18.9 (11.0.10+8-LTS-162, mixed mode, tiered, compressed oops, g1 gc, windows-amd64)
# No core dump will be written. Minidumps are not enabled by default on client versions of Windows
#

---------------  S U M M A R Y ------------

Command Line: -Dcom.sun.management.jmxremote -Dcom.sun.management.jmxremote.port=59184 -Dcom.sun.management.jmxremote.authenticate=false -Dcom.sun.management.jmxremote.ssl=false -Djava.rmi.server.hostname=localhost -Dspring.application.admin.enabled=true -Dspring.jmx.enabled=true -Dfile.encoding=UTF-8 br.com.serratec.lojavirtual.LojaVirtualApplication

Host: Intel(R) Core(TM) i3 CPU       M 380  @ 2.53GHz, 4 cores, 3G,  Windows 7 , 64 bit Build 7601 (6.1.7601.24384)
Time: Thu Jun 24 16:24:43 2021 Hora oficial do Brasil elapsed time: 22.215669 seconds (0d 0h 0m 22s)

---------------  T H R E A D  ---------------

Current thread (0x000000005f988800):  VMThread "VM Thread" [stack: 0x000000005fb00000,0x000000005fc00000] [id=5248]

Stack: [0x000000005fb00000,0x000000005fc00000]
[error occurred during error reporting (printing stack bounds), id 0xc0000005, EXCEPTION_ACCESS_VIOLATION (0xc0000005) at pc=0x000000000a970f3d]

Native frames: (J=compiled Java code, j=interpreted, Vv=VM code, C=native code)
V  [jvm.dll+0x613e6a]
V  [jvm.dll+0x74c1ff]
V  [jvm.dll+0x74d885]
V  [jvm.dll+0x74de65]
V  [jvm.dll+0x74de1b]
V  [jvm.dll+0x6136a3]
V  [jvm.dll+0x613a68]
C  [ntdll.dll+0x6bf7d]
C  [ntdll.dll+0x4043a]
C  [ntdll.dll+0x6b61e]
C  0x000000000a970f3d

VM_Operation (0x0000000061e97b80): G1CollectForAllocation, mode: safepoint, requested by thread 0x0000000062e07800


---------------  P R O C E S S  ---------------

Threads class SMR info:
_java_thread_list=0x00000000609ba090, length=15, elements={
0x00000000003eb800, 0x000000005f9ce800, 0x000000005f9d0800, 0x000000005f9e3000,
0x000000005f9e6000, 0x000000005f9e7000, 0x000000005f9e8800, 0x000000005fa59000,
0x000000005f960800, 0x0000000060940800, 0x00000000616cc800, 0x0000000061764800,
0x0000000061761000, 0x0000000062cc5000, 0x0000000062e07800
}

Java Threads: ( => current thread )
  0x00000000003eb800 JavaThread "main" [_thread_blocked, id=8092, stack(0x00000000021f0000,0x00000000022f0000)]
  0x000000005f9ce800 JavaThread "Reference Handler" daemon [_thread_blocked, id=10896, stack(0x000000005fd70000,0x000000005fe70000)]
  0x000000005f9d0800 JavaThread "Finalizer" daemon [_thread_blocked, id=8712, stack(0x000000005feb0000,0x000000005ffb0000)]
  0x000000005f9e3000 JavaThread "Signal Dispatcher" daemon [_thread_blocked, id=8792, stack(0x00000000600a0000,0x00000000601a0000)]
  0x000000005f9e6000 JavaThread "Attach Listener" daemon [_thread_blocked, id=5624, stack(0x0000000060390000,0x0000000060490000)]
  0x000000005f9e7000 JavaThread "C2 CompilerThread0" daemon [_thread_blocked, id=10408, stack(0x0000000060540000,0x0000000060640000)]
  0x000000005f9e8800 JavaThread "C1 CompilerThread0" daemon [_thread_blocked, id=1936, stack(0x0000000060650000,0x0000000060750000)]
  0x000000005fa59000 JavaThread "Sweeper thread" daemon [_thread_blocked, id=4420, stack(0x00000000601b0000,0x00000000602b0000)]
  0x000000005f960800 JavaThread "Common-Cleaner" daemon [_thread_blocked, id=1572, stack(0x0000000060c10000,0x0000000060d10000)]
  0x0000000060940800 JavaThread "Service Thread" daemon [_thread_blocked, id=9184, stack(0x0000000060e20000,0x0000000060f20000)]
  0x00000000616cc800 JavaThread "RMI TCP Accept-0" daemon [_thread_in_native, id=4568, stack(0x0000000062340000,0x0000000062440000)]
  0x0000000061764800 JavaThread "RMI TCP Accept-59184" daemon [_thread_in_native, id=7916, stack(0x0000000062490000,0x0000000062590000)]
  0x0000000061761000 JavaThread "RMI TCP Accept-0" daemon [_thread_in_native, id=5144, stack(0x0000000062700000,0x0000000062800000)]
  0x0000000062cc5000 JavaThread "Thread-0" [_thread_blocked, id=8896, stack(0x0000000063e90000,0x0000000063f90000)]
  0x0000000062e07800 JavaThread "restartedMain" [_thread_blocked, id=8264, stack(0x0000000061da0000,0x0000000061ea0000)]

Other Threads:
=>0x000000005f988800 VMThread "VM Thread" [stack: 0x000000005fb00000,0x000000005fc00000] [id=5248]
  0x0000000061701000 WatcherThread [stack: 0x00000000628c0000,0x00000000629c0000] [id=8644]
  0x0000000000400000 GCTaskThread "GC Thread#0" [stack: 0x0000000019d30000,0x0000000019e30000] [id=10748]
  0x0000000061649800 GCTaskThread "GC Thread#1" [stack: 0x0000000061ec0000,0x0000000061fc0000] [id=10640]
  0x00000000630f4800 GCTaskThread "GC Thread#2" [stack: 0x0000000063d90000,0x0000000063e90000] [id=4672]
  0x0000000062c05800 GCTaskThread "GC Thread#3" [stack: 0x00000000640d0000,0x00000000641d0000] [id=5172]
  0x000000000041b000 ConcurrentGCThread "G1 Main Marker" [stack: 0x000000001c610000,0x000000001c710000] [id=6012]
  0x000000000041e800 ConcurrentGCThread "G1 Conc#0" [stack: 0x000000001c880000,0x000000001c980000] [id=5016]
  0x000000001ecc0800 ConcurrentGCThread "G1 Refine#0" [stack: 0x000000001ee60000,0x000000001ef60000] [id=9748]
  0x0000000060926800 ConcurrentGCThread "G1 Refine#1" [stack: 0x0000000062600000,0x0000000062700000] [id=10456]
  0x000000001ecc2800 ConcurrentGCThread "G1 Young RemSet Sampling" [stack: 0x000000001efe0000,0x000000001f0e0000] [id=10792]

Threads with active compile tasks:

VM state:at safepoint (normal execution)

VM Mutex/Monitor currently owned by a thread:  ([mutex/lock_event])
[0x00000000003e7460] Threads_lock - owner thread: 0x000000005f988800
[0x00000000003e7c40] Heap_lock - owner thread: 0x0000000062e07800

Heap address: 0x00000000c3200000, size: 974 MB, Compressed Oops mode: 32-bit
Narrow klass base: 0x0000000000000000, Narrow klass shift: 0
Compressed class space size: 1073741824 Address: 0x000000001f0e0000

Heap:
 garbage-first heap   total 102400K, used 15346K [0x00000000c3200000, 0x0000000100000000)
  region size 1024K, 5 young (5120K), 5 survivors (5120K)
 Metaspace       used 33765K, capacity 34765K, committed 34944K, reserved 1079296K
  class space    used 3979K, capacity 4366K, committed 4480K, reserved 1048576K
Heap Regions: E=young(eden), S=young(survivor), O=old, HS=humongous(starts), HC=humongous(continues), CS=collection set, F=free, A=archive, TAMS=top-at-mark-start (previous, next)
|   0|0x00000000c3200000, 0x00000000c3300000, 0x00000000c3300000|100%|HS|  |TAMS 0x00000000c3300000, 0x00000000c3200000| Complete 
|   1|0x00000000c3300000, 0x00000000c3400000, 0x00000000c3400000|100%| O|  |TAMS 0x00000000c3400000, 0x00000000c3300000| Untracked 
|   2|0x00000000c3400000, 0x00000000c3500000, 0x00000000c3500000|100%| O|  |TAMS 0x00000000c3500000, 0x00000000c3400000| Untracked 
|   3|0x00000000c3500000, 0x00000000c3600000, 0x00000000c3600000|100%| O|  |TAMS 0x00000000c3600000, 0x00000000c3500000| Untracked 
|   4|0x00000000c3600000, 0x00000000c3700000, 0x00000000c3700000|100%| O|  |TAMS 0x00000000c3700000, 0x00000000c3600000| Untracked 
|   5|0x00000000c3700000, 0x00000000c3800000, 0x00000000c3800000|100%| O|  |TAMS 0x00000000c3800000, 0x00000000c3700000| Untracked 
|   6|0x00000000c3800000, 0x00000000c3900000, 0x00000000c3900000|100%| O|  |TAMS 0x00000000c3900000, 0x00000000c3800000| Untracked 
|   7|0x00000000c3900000, 0x00000000c3a00000, 0x00000000c3a00000|100%| O|  |TAMS 0x00000000c397b200, 0x00000000c3900000| Untracked 
|   8|0x00000000c3a00000, 0x00000000c3b00000, 0x00000000c3b00000|100%| O|  |TAMS 0x00000000c3a00000, 0x00000000c3a00000| Untracked 
|   9|0x00000000c3b00000, 0x00000000c3c00000, 0x00000000c3c00000|100%| O|  |TAMS 0x00000000c3b00000, 0x00000000c3b00000| Untracked 
|  10|0x00000000c3c00000, 0x00000000c3ca4400, 0x00000000c3d00000| 64%| O|  |TAMS 0x00000000c3c00000, 0x00000000c3c00000| Untracked 
|  11|0x00000000c3d00000, 0x00000000c3d00000, 0x00000000c3e00000|  0%| F|  |TAMS 0x00000000c3d00000, 0x00000000c3d00000| Untracked 
|  12|0x00000000c3e00000, 0x00000000c3e00000, 0x00000000c3f00000|  0%| F|  |TAMS 0x00000000c3e00000, 0x00000000c3e00000| Untracked 
|  13|0x00000000c3f00000, 0x00000000c3f00000, 0x00000000c4000000|  0%| F|  |TAMS 0x00000000c3f00000, 0x00000000c3f00000| Untracked 
|  14|0x00000000c4000000, 0x00000000c4000000, 0x00000000c4100000|  0%| F|  |TAMS 0x00000000c4000000, 0x00000000c4000000| Untracked 
|  15|0x00000000c4100000, 0x00000000c4100000, 0x00000000c4200000|  0%| F|  |TAMS 0x00000000c4100000, 0x00000000c4100000| Untracked 
|  16|0x00000000c4200000, 0x00000000c4200000, 0x00000000c4300000|  0%| F|  |TAMS 0x00000000c4200000, 0x00000000c4200000| Untracked 
|  17|0x00000000c4300000, 0x00000000c4300000, 0x00000000c4400000|  0%| F|  |TAMS 0x00000000c4300000, 0x00000000c4300000| Untracked 
|  18|0x00000000c4400000, 0x00000000c4400000, 0x00000000c4500000|  0%| F|  |TAMS 0x00000000c4400000, 0x00000000c4400000| Untracked 
|  19|0x00000000c4500000, 0x00000000c4500000, 0x00000000c4600000|  0%| F|  |TAMS 0x00000000c4500000, 0x00000000c4500000| Untracked 
|  20|0x00000000c4600000, 0x00000000c4600000, 0x00000000c4700000|  0%| F|  |TAMS 0x00000000c4600000, 0x00000000c4600000| Untracked 
|  21|0x00000000c4700000, 0x00000000c4700000, 0x00000000c4800000|  0%| F|  |TAMS 0x00000000c4700000, 0x00000000c4700000| Untracked 
|  22|0x00000000c4800000, 0x00000000c4800000, 0x00000000c4900000|  0%| F|  |TAMS 0x00000000c4800000, 0x00000000c4800000| Untracked 
|  23|0x00000000c4900000, 0x00000000c4900000, 0x00000000c4a00000|  0%| F|  |TAMS 0x00000000c4900000, 0x00000000c4900000| Untracked 
|  24|0x00000000c4a00000, 0x00000000c4a00000, 0x00000000c4b00000|  0%| F|  |TAMS 0x00000000c4a00000, 0x00000000c4a00000| Untracked 
|  25|0x00000000c4b00000, 0x00000000c4b58480, 0x00000000c4c00000| 34%| S|CS|TAMS 0x00000000c4b00000, 0x00000000c4b00000| Complete 
|  26|0x00000000c4c00000, 0x00000000c4d00000, 0x00000000c4d00000|100%| S|CS|TAMS 0x00000000c4c00000, 0x00000000c4c00000| Complete 
|  27|0x00000000c4d00000, 0x00000000c4d00000, 0x00000000c4e00000|  0%| F|  |TAMS 0x00000000c4d00000, 0x00000000c4d00000| Untracked 
|  28|0x00000000c4e00000, 0x00000000c4e00000, 0x00000000c4f00000|  0%| F|  |TAMS 0x00000000c4e00000, 0x00000000c4e00000| Untracked 
|  29|0x00000000c4f00000, 0x00000000c5000000, 0x00000000c5000000|100%| S|CS|TAMS 0x00000000c4f00000, 0x00000000c4f00000| Complete 
|  30|0x00000000c5000000, 0x00000000c5100000, 0x00000000c5100000|100%| S|CS|TAMS 0x00000000c5000000, 0x00000000c5000000| Complete 
|  31|0x00000000c5100000, 0x00000000c5200000, 0x00000000c5200000|100%| S|CS|TAMS 0x00000000c5100000, 0x00000000c5100000| Complete 
|  32|0x00000000c5200000, 0x00000000c5200000, 0x00000000c5300000|  0%| F|  |TAMS 0x00000000c5200000, 0x00000000c5200000| Untracked 
|  33|0x00000000c5300000, 0x00000000c5300000, 0x00000000c5400000|  0%| F|  |TAMS 0x00000000c5300000, 0x00000000c5300000| Untracked 
|  34|0x00000000c5400000, 0x00000000c5400000, 0x00000000c5500000|  0%| F|  |TAMS 0x00000000c5400000, 0x00000000c5400000| Untracked 
|  35|0x00000000c5500000, 0x00000000c5500000, 0x00000000c5600000|  0%| F|  |TAMS 0x00000000c5500000, 0x00000000c5500000| Untracked 
|  36|0x00000000c5600000, 0x00000000c5600000, 0x00000000c5700000|  0%| F|  |TAMS 0x00000000c5600000, 0x00000000c5600000| Untracked 
|  37|0x00000000c5700000, 0x00000000c5700000, 0x00000000c5800000|  0%| F|  |TAMS 0x00000000c5700000, 0x00000000c5700000| Untracked 
|  38|0x00000000c5800000, 0x00000000c5800000, 0x00000000c5900000|  0%| F|  |TAMS 0x00000000c5800000, 0x00000000c5800000| Untracked 
|  39|0x00000000c5900000, 0x00000000c5900000, 0x00000000c5a00000|  0%| F|  |TAMS 0x00000000c5900000, 0x00000000c5900000| Untracked 
|  40|0x00000000c5a00000, 0x00000000c5a00000, 0x00000000c5b00000|  0%| F|  |TAMS 0x00000000c5a00000, 0x00000000c5a00000| Untracked 
|  41|0x00000000c5b00000, 0x00000000c5b00000, 0x00000000c5c00000|  0%| F|  |TAMS 0x00000000c5b00000, 0x00000000c5b00000| Untracked 
|  42|0x00000000c5c00000, 0x00000000c5c00000, 0x00000000c5d00000|  0%| F|  |TAMS 0x00000000c5c00000, 0x00000000c5c00000| Untracked 
|  43|0x00000000c5d00000, 0x00000000c5d00000, 0x00000000c5e00000|  0%| F|  |TAMS 0x00000000c5d00000, 0x00000000c5d00000| Untracked 
|  44|0x00000000c5e00000, 0x00000000c5e00000, 0x00000000c5f00000|  0%| F|  |TAMS 0x00000000c5e00000, 0x00000000c5e00000| Untracked 
|  45|0x00000000c5f00000, 0x00000000c5f00000, 0x00000000c6000000|  0%| F|  |TAMS 0x00000000c5f00000, 0x00000000c5f00000| Untracked 
|  46|0x00000000c6000000, 0x00000000c6000000, 0x00000000c6100000|  0%| F|  |TAMS 0x00000000c6000000, 0x00000000c6000000| Untracked 
|  47|0x00000000c6100000, 0x00000000c6100000, 0x00000000c6200000|  0%| F|  |TAMS 0x00000000c6100000, 0x00000000c6100000| Untracked 
|  48|0x00000000c6200000, 0x00000000c6200000, 0x00000000c6300000|  0%| F|  |TAMS 0x00000000c6200000, 0x00000000c6200000| Untracked 
|  49|0x00000000c6300000, 0x00000000c6300000, 0x00000000c6400000|  0%| F|  |TAMS 0x00000000c6300000, 0x00000000c6300000| Untracked 
|  50|0x00000000c6400000, 0x00000000c6400000, 0x00000000c6500000|  0%| F|  |TAMS 0x00000000c6400000, 0x00000000c6400000| Untracked 
|  51|0x00000000c6500000, 0x00000000c6500000, 0x00000000c6600000|  0%| F|  |TAMS 0x00000000c6500000, 0x00000000c6500000| Untracked 
|  52|0x00000000c6600000, 0x00000000c6600000, 0x00000000c6700000|  0%| F|  |TAMS 0x00000000c6600000, 0x00000000c6600000| Untracked 
|  53|0x00000000c6700000, 0x00000000c6700000, 0x00000000c6800000|  0%| F|  |TAMS 0x00000000c6700000, 0x00000000c6700000| Untracked 
|  54|0x00000000c6800000, 0x00000000c6800000, 0x00000000c6900000|  0%| F|  |TAMS 0x00000000c6800000, 0x00000000c6800000| Untracked 
|  55|0x00000000c6900000, 0x00000000c6900000, 0x00000000c6a00000|  0%| F|  |TAMS 0x00000000c6900000, 0x00000000c6900000| Untracked 
|  56|0x00000000c6a00000, 0x00000000c6a00000, 0x00000000c6b00000|  0%| F|  |TAMS 0x00000000c6a00000, 0x00000000c6a00000| Untracked 
|  57|0x00000000c6b00000, 0x00000000c6b00000, 0x00000000c6c00000|  0%| F|  |TAMS 0x00000000c6b00000, 0x00000000c6b00000| Untracked 
|  58|0x00000000c6c00000, 0x00000000c6c00000, 0x00000000c6d00000|  0%| F|  |TAMS 0x00000000c6c00000, 0x00000000c6c00000| Untracked 
|  59|0x00000000c6d00000, 0x00000000c6d00000, 0x00000000c6e00000|  0%| F|  |TAMS 0x00000000c6d00000, 0x00000000c6d00000| Untracked 
|  60|0x00000000c6e00000, 0x00000000c6e00000, 0x00000000c6f00000|  0%| F|  |TAMS 0x00000000c6e00000, 0x00000000c6e00000| Untracked 
|  61|0x00000000c6f00000, 0x00000000c6f00000, 0x00000000c7000000|  0%| F|  |TAMS 0x00000000c6f00000, 0x00000000c6f00000| Untracked 
|  62|0x00000000c7000000, 0x00000000c7000000, 0x00000000c7100000|  0%| F|  |TAMS 0x00000000c7000000, 0x00000000c7000000| Untracked 
|  63|0x00000000c7100000, 0x00000000c7100000, 0x00000000c7200000|  0%| F|  |TAMS 0x00000000c7100000, 0x00000000c7100000| Untracked 
|  64|0x00000000c7200000, 0x00000000c7200000, 0x00000000c7300000|  0%| F|  |TAMS 0x00000000c7200000, 0x00000000c7200000| Untracked 
|  65|0x00000000c7300000, 0x00000000c7300000, 0x00000000c7400000|  0%| F|  |TAMS 0x00000000c7300000, 0x00000000c7300000| Untracked 
|  66|0x00000000c7400000, 0x00000000c7400000, 0x00000000c7500000|  0%| F|  |TAMS 0x00000000c7400000, 0x00000000c7400000| Untracked 
|  67|0x00000000c7500000, 0x00000000c7500000, 0x00000000c7600000|  0%| F|  |TAMS 0x00000000c7500000, 0x00000000c7500000| Untracked 
|  68|0x00000000c7600000, 0x00000000c7600000, 0x00000000c7700000|  0%| F|  |TAMS 0x00000000c7600000, 0x00000000c7600000| Untracked 
|  69|0x00000000c7700000, 0x00000000c7700000, 0x00000000c7800000|  0%| F|  |TAMS 0x00000000c7700000, 0x00000000c7700000| Untracked 
|  70|0x00000000c7800000, 0x00000000c7800000, 0x00000000c7900000|  0%| F|  |TAMS 0x00000000c7800000, 0x00000000c7800000| Untracked 
|  71|0x00000000c7900000, 0x00000000c7900000, 0x00000000c7a00000|  0%| F|  |TAMS 0x00000000c7900000, 0x00000000c7900000| Untracked 
|  72|0x00000000c7a00000, 0x00000000c7a00000, 0x00000000c7b00000|  0%| F|  |TAMS 0x00000000c7a00000, 0x00000000c7a00000| Untracked 
|  73|0x00000000c7b00000, 0x00000000c7b00000, 0x00000000c7c00000|  0%| F|  |TAMS 0x00000000c7b00000, 0x00000000c7b00000| Untracked 
|  74|0x00000000c7c00000, 0x00000000c7c00000, 0x00000000c7d00000|  0%| F|  |TAMS 0x00000000c7c00000, 0x00000000c7c00000| Untracked 

Card table byte_map: [0x000000001a350000,0x000000001a540000] _byte_map_base: 0x0000000019d37000

Marking Bits (Prev, Next): (CMBitMap*) 0x00000000004164a0, (CMBitMap*) 0x0000000000416468
 Prev Bits: [0x000000001b670000, 0x000000001c5a8000)
 Next Bits: [0x000000001a730000, 0x000000001b668000)

Polling page: 0x0000000000130000

Metaspace:

Usage:
  Non-class:     29.69 MB capacity,    29.09 MB ( 98%) used,   502.38 KB (  2%) free+waste,   111.19 KB ( <1%) overhead. 
      Class:      4.26 MB capacity,     3.89 MB ( 91%) used,   332.07 KB (  8%) free+waste,    54.25 KB (  1%) overhead. 
       Both:     33.95 MB capacity,    32.97 MB ( 97%) used,   834.45 KB (  2%) free+waste,   165.44 KB ( <1%) overhead. 

Virtual space:
  Non-class space:       30.00 MB reserved,      29.75 MB (>99%) committed 
      Class space:        1.00 GB reserved,       4.38 MB ( <1%) committed 
             Both:        1.03 GB reserved,      34.13 MB (  3%) committed 

Chunk freelists:
   Non-Class:  128 bytes
       Class:  2.25 KB
        Both:  2.38 KB

CodeHeap 'non-profiled nmethods': size=120064Kb used=1544Kb max_used=1544Kb free=118519Kb
 bounds [0x0000000012430000, 0x00000000126a0000, 0x0000000019970000]
CodeHeap 'profiled nmethods': size=120000Kb used=7455Kb max_used=7455Kb free=112544Kb
 bounds [0x000000000af00000, 0x000000000b650000, 0x0000000012430000]
CodeHeap 'non-nmethods': size=5696Kb used=1132Kb max_used=1171Kb free=4564Kb
 bounds [0x000000000a970000, 0x000000000abe0000, 0x000000000af00000]
 total_blobs=3886 nmethods=3413 adapters=384
 compilation: enabled
              stopped_count=0, restarted_count=0
 full_count=0

Compilation events (10 events):
Event: 21.951 Thread 0x000000005f9e7000 3443       4       java.lang.String::getChars (54 bytes)
Event: 21.956 Thread 0x000000005f9e7000 nmethod 3443 0x00000000125b1910 code [0x00000000125b1aa0, 0x00000000125b1d78]
Event: 22.045 Thread 0x000000005f9e8800 3444       3       java.lang.invoke.MethodHandle::bindTo (19 bytes)
Event: 22.050 Thread 0x000000005f9e8800 nmethod 3444 0x000000000b646210 code [0x000000000b646420, 0x000000000b646a38]
Event: 22.050 Thread 0x000000005f9e8800 3445       3       java.lang.invoke.MethodType::leadingReferenceParameter (30 bytes)
Event: 22.051 Thread 0x000000005f9e8800 nmethod 3445 0x000000000b646c90 code [0x000000000b646e60, 0x000000000b647148]
Event: 22.051 Thread 0x000000005f9e8800 3446       3       java.lang.invoke.MethodHandleImpl$IntrinsicMethodHandle::<init> (20 bytes)
Event: 22.053 Thread 0x000000005f9e8800 nmethod 3446 0x000000000b647290 code [0x000000000b647480, 0x000000000b647a98]
Event: 22.053 Thread 0x000000005f9e8800 3447       1       java.lang.invoke.MethodHandleImpl$IntrinsicMethodHandle::getTarget (5 bytes)
Event: 22.053 Thread 0x000000005f9e8800 nmethod 3447 0x00000000125b2010 code [0x00000000125b21a0, 0x00000000125b2258]

GC Heap History (10 events):
Event: 10.387 GC heap after
{Heap after GC invocations=6 (full 0):
 garbage-first heap   total 63488K, used 10336K [0x00000000c3200000, 0x0000000100000000)
  region size 1024K, 3 young (3072K), 3 survivors (3072K)
 Metaspace       used 20555K, capacity 21183K, committed 21248K, reserved 1069056K
  class space    used 2260K, capacity 2528K, committed 2560K, reserved 1048576K
}
Event: 13.639 GC heap before
{Heap before GC invocations=7 (full 0):
 garbage-first heap   total 63488K, used 40032K [0x00000000c3200000, 0x0000000100000000)
  region size 1024K, 33 young (33792K), 3 survivors (3072K)
 Metaspace       used 25101K, capacity 25892K, committed 26240K, reserved 1073152K
  class space    used 2793K, capacity 3079K, committed 3200K, reserved 1048576K
}
Event: 13.726 GC heap after
{Heap after GC invocations=8 (full 0):
 garbage-first heap   total 76800K, used 11064K [0x00000000c3200000, 0x0000000100000000)
  region size 1024K, 4 young (4096K), 4 survivors (4096K)
 Metaspace       used 25101K, capacity 25892K, committed 26240K, reserved 1073152K
  class space    used 2793K, capacity 3079K, committed 3200K, reserved 1048576K
}
Event: 15.385 GC heap before
{Heap before GC invocations=8 (full 0):
 garbage-first heap   total 76800K, used 45880K [0x00000000c3200000, 0x0000000100000000)
  region size 1024K, 38 young (38912K), 4 survivors (4096K)
 Metaspace       used 27684K, capacity 28461K, committed 28544K, reserved 1075200K
  class space    used 3128K, capacity 3443K, committed 3456K, reserved 1048576K
}
Event: 15.439 GC heap after
{Heap after GC invocations=9 (full 0):
 garbage-first heap   total 76800K, used 12495K [0x00000000c3200000, 0x0000000100000000)
  region size 1024K, 4 young (4096K), 4 survivors (4096K)
 Metaspace       used 27684K, capacity 28461K, committed 28544K, reserved 1075200K
  class space    used 3128K, capacity 3443K, committed 3456K, reserved 1048576K
}
Event: 16.395 GC heap before
{Heap before GC invocations=9 (full 0):
 garbage-first heap   total 76800K, used 51407K [0x00000000c3200000, 0x0000000100000000)
  region size 1024K, 43 young (44032K), 4 survivors (4096K)
 Metaspace       used 28065K, capacity 28906K, committed 29184K, reserved 1075200K
  class space    used 3166K, capacity 3483K, committed 3584K, reserved 1048576K
}
Event: 16.458 GC heap after
{Heap after GC invocations=10 (full 0):
 garbage-first heap   total 76800K, used 13201K [0x00000000c3200000, 0x0000000100000000)
  region size 1024K, 3 young (3072K), 3 survivors (3072K)
 Metaspace       used 28065K, capacity 28906K, committed 29184K, reserved 1075200K
  class space    used 3166K, capacity 3483K, committed 3584K, reserved 1048576K
}
Event: 18.520 GC heap before
{Heap before GC invocations=10 (full 0):
 garbage-first heap   total 76800K, used 54161K [0x00000000c3200000, 0x0000000100000000)
  region size 1024K, 44 young (45056K), 3 survivors (3072K)
 Metaspace       used 30223K, capacity 31111K, committed 31232K, reserved 1077248K
  class space    used 3415K, capacity 3793K, committed 3840K, reserved 1048576K
}
Event: 18.568 GC heap after
{Heap after GC invocations=11 (full 0):
 garbage-first heap   total 76800K, used 14196K [0x00000000c3200000, 0x0000000100000000)
  region size 1024K, 4 young (4096K), 4 survivors (4096K)
 Metaspace       used 30223K, capacity 31111K, committed 31232K, reserved 1077248K
  class space    used 3415K, capacity 3793K, committed 3840K, reserved 1048576K
}
Event: 22.104 GC heap before
{Heap before GC invocations=11 (full 0):
 garbage-first heap   total 76800K, used 56180K [0x00000000c3200000, 0x0000000100000000)
  region size 1024K, 45 young (46080K), 4 survivors (4096K)
 Metaspace       used 33765K, capacity 34765K, committed 34944K, reserved 1079296K
  class space    used 3979K, capacity 4366K, committed 4480K, reserved 1048576K
}

Deoptimization events (10 events):
Event: 19.192 Thread 0x0000000062e07800 Uncommon trap: reason=unstable_if action=reinterpret pc=0x0000000012574344 method=org.springframework.core.annotation.MergedAnnotationsCollection.isMappingForType(Lorg/springframework/core/annotation/AnnotationTypeMapping;Ljava/lang/Object;)Z @ 13 c2
Event: 19.193 Thread 0x0000000062e07800 Uncommon trap: reason=class_check action=maybe_recompile pc=0x0000000012439cb4 method=java.lang.String.equals(Ljava/lang/Object;)Z @ 8 c2
Event: 20.955 Thread 0x0000000062e07800 Uncommon trap: reason=array_check action=maybe_recompile pc=0x00000000125a6ac0 method=java.util.AbstractCollection.toArray([Ljava/lang/Object;)[Ljava/lang/Object; @ 116 c2
Event: 20.959 Thread 0x0000000062e07800 Uncommon trap: reason=array_check action=maybe_recompile pc=0x00000000125a6ac0 method=java.util.AbstractCollection.toArray([Ljava/lang/Object;)[Ljava/lang/Object; @ 116 c2
Event: 20.960 Thread 0x0000000062e07800 Uncommon trap: reason=array_check action=maybe_recompile pc=0x00000000125a6ac0 method=java.util.AbstractCollection.toArray([Ljava/lang/Object;)[Ljava/lang/Object; @ 116 c2
Event: 20.960 Thread 0x0000000062e07800 Uncommon trap: reason=array_check action=maybe_recompile pc=0x00000000125a6ac0 method=java.util.AbstractCollection.toArray([Ljava/lang/Object;)[Ljava/lang/Object; @ 116 c2
Event: 21.154 Thread 0x0000000062e07800 Uncommon trap: reason=unstable_if action=reinterpret pc=0x00000000125a7b24 method=org.springframework.beans.factory.support.AbstractBeanFactory.getMergedLocalBeanDefinition(Ljava/lang/String;)Lorg/springframework/beans/factory/support/RootBeanDefinition; 
Event: 21.279 Thread 0x0000000062e07800 Uncommon trap: reason=unstable_if action=reinterpret pc=0x00000000124f1ff8 method=sun.net.www.ParseUtil.firstEncodeIndex(Ljava/lang/String;)I @ 51 c2
Event: 21.283 Thread 0x0000000062e07800 Uncommon trap: reason=class_check action=maybe_recompile pc=0x00000000125732c8 method=org.springframework.util.ConcurrentReferenceHashMap$Segment.findInChain(Lorg/springframework/util/ConcurrentReferenceHashMap$Reference;Ljava/lang/Object;I)Lorg/springfra
Event: 21.332 Thread 0x0000000062e07800 Uncommon trap: reason=unstable_if action=reinterpret pc=0x000000001259dd2c method=jdk.internal.loader.BuiltinClassLoader.findLoadedModule(Ljava/lang/String;)Ljdk/internal/loader/BuiltinClassLoader$LoadedModule; @ 8 c2

Classes redefined (0 events):
No events

Internal exceptions (10 events):
Event: 13.478 Thread 0x0000000062e07800 Exception <a 'java/lang/ClassNotFoundException'{0x00000000c54d1270}: org/springframework/context/EnvironmentAwareCustomizer> (0x00000000c54d1270) thrown at [./open/src/hotspot/share/classfile/systemDictionary.cpp, line 228]
Event: 13.479 Thread 0x0000000062e07800 Exception <a 'java/lang/ClassNotFoundException'{0x00000000c54e4950}: org/springframework/beans/factory/AwareCustomizer> (0x00000000c54e4950) thrown at [./open/src/hotspot/share/classfile/systemDictionary.cpp, line 228]
Event: 14.540 Thread 0x0000000063512800 Exception <a 'java/lang/NoSuchMethodError'{0x00000000c6bdd098}: java.lang.invoke.DirectMethodHandle$Holder.invokeSpecial(Ljava/lang/Object;Ljava/lang/Object;)J> (0x00000000c6bdd098) thrown at [./open/src/hotspot/share/interpreter/linkResolver.cpp, line 77
Event: 14.546 Thread 0x0000000063512800 Exception <a 'java/lang/NoSuchMethodError'{0x00000000c6be7448}: java.lang.invoke.DirectMethodHandle$Holder.invokeStatic(Ljava/lang/Object;Ljava/lang/Object;)J> (0x00000000c6be7448) thrown at [./open/src/hotspot/share/interpreter/linkResolver.cpp, line 772
Event: 14.547 Thread 0x0000000063512800 Exception <a 'java/lang/NoSuchMethodError'{0x00000000c6bea270}: java.lang.invoke.DirectMethodHandle$Holder.invokeStaticInit(Ljava/lang/Object;Ljava/lang/Object;)J> (0x00000000c6bea270) thrown at [./open/src/hotspot/share/interpreter/linkResolver.cpp, line
Event: 14.551 Thread 0x0000000063512800 Exception <a 'java/lang/NoSuchMethodError'{0x00000000c6a056c8}: java.lang.invoke.DirectMethodHandle$Holder.invokeInterface(Ljava/lang/Object;Ljava/lang/Object;)J> (0x00000000c6a056c8) thrown at [./open/src/hotspot/share/interpreter/linkResolver.cpp, line 
Event: 14.551 Thread 0x0000000063512800 Exception <a 'java/lang/IncompatibleClassChangeError'{0x00000000c6a08460}: Found class java.lang.Object, but interface was expected> (0x00000000c6a08460) thrown at [./open/src/hotspot/share/interpreter/linkResolver.cpp, line 838]
Event: 14.717 Thread 0x0000000063512800 Exception <a 'java/lang/NoSuchMethodError'{0x00000000c69d7208}: java.lang.invoke.DirectMethodHandle$Holder.invokeVirtual(Ljava/lang/Object;Ljava/lang/Object;Ljava/lang/Object;Ljava/lang/Object;)Ljava/lang/Object;> (0x00000000c69d7208) thrown at [./open/sr
Event: 17.105 Thread 0x0000000062e07800 Exception <a 'java/lang/IncompatibleClassChangeError'{0x00000000c6a145a0}: Found class java.lang.Object, but interface was expected> (0x00000000c6a145a0) thrown at [./open/src/hotspot/share/interpreter/linkResolver.cpp, line 838]
Event: 17.223 Thread 0x0000000062e07800 Exception <a 'java/lang/NoSuchMethodError'{0x00000000c6830148}: java.lang.invoke.DirectMethodHandle$Holder.invokeInterface(Ljava/lang/Object;Ljava/lang/Object;Ljava/lang/Object;Ljava/lang/Object;)V> (0x00000000c6830148) thrown at [./open/src/hotspot/share

Events (10 events):
Event: 22.089 loading class reactor/util/function/Tuple2 done
Event: 22.090 loading class reactor/util/function/Tuple3
Event: 22.090 loading class reactor/util/function/Tuple3 done
Event: 22.091 loading class reactor/util/function/Tuple4
Event: 22.091 loading class reactor/util/function/Tuple4 done
Event: 22.094 loading class reactor/util/function/Tuple5
Event: 22.094 loading class reactor/util/function/Tuple5 done
Event: 22.095 loading class reactor/util/function/Tuple6
Event: 22.095 loading class reactor/util/function/Tuple6 done
Event: 22.098 Executing VM operation: G1CollectForAllocation


Dynamic libraries:
0x000000013faa0000 - 0x000000013faaf000 	C:\Program Files\Java\jdk-11.0.10\bin\java.exe
0x0000000077c10000 - 0x0000000077daf000 	C:\Windows\SYSTEM32\ntdll.dll
0x00000000779f0000 - 0x0000000077b0f000 	C:\Windows\system32\kernel32.dll
0x000007fefdc00000 - 0x000007fefdc6a000 	C:\Windows\system32\KERNELBASE.dll
0x000007fee0110000 - 0x000007fee0128000 	C:\Program Files\Java\jdk-11.0.10\bin\jli.dll
0x000007fefddb0000 - 0x000007fefde8b000 	C:\Windows\system32\ADVAPI32.dll
0x000007fefe850000 - 0x000007fefe8ef000 	C:\Windows\system32\msvcrt.dll
0x000007feffa80000 - 0x000007feffa9f000 	C:\Windows\SYSTEM32\sechost.dll
0x000007fefe720000 - 0x000007fefe84c000 	C:\Windows\system32\RPCRT4.dll
0x000007fefbf00000 - 0x000007fefc0f4000 	C:\Windows\WinSxS\amd64_microsoft.windows.common-controls_6595b64144ccf1df_6.0.7601.18837_none_fa3b1e3d17594757\COMCTL32.dll
0x000007fefdfe0000 - 0x000007fefe047000 	C:\Windows\system32\GDI32.dll
0x0000000077b10000 - 0x0000000077c0a000 	C:\Windows\system32\USER32.dll
0x000007feffd10000 - 0x000007feffd1e000 	C:\Windows\system32\LPK.dll
0x000007fefde90000 - 0x000007fefdf5b000 	C:\Windows\system32\USP10.dll
0x000007feffa00000 - 0x000007feffa71000 	C:\Windows\system32\SHLWAPI.dll
0x000007fefca70000 - 0x000007fefca7c000 	C:\Windows\system32\VERSION.dll
0x000007fedff60000 - 0x000007fedff75000 	C:\Program Files\Java\jdk-11.0.10\bin\VCRUNTIME140.dll
0x000007fef5150000 - 0x000007fef5154000 	C:\Program Files\Java\jdk-11.0.10\bin\api-ms-win-crt-runtime-l1-1-0.dll
0x000007fecfe50000 - 0x000007fecff4a000 	C:\Program Files\Java\jdk-11.0.10\bin\ucrtbase.DLL
0x000007feed520000 - 0x000007feed523000 	C:\Program Files\Java\jdk-11.0.10\bin\api-ms-win-core-localization-l1-2-0.dll
0x000007fee06f0000 - 0x000007fee06f3000 	C:\Program Files\Java\jdk-11.0.10\bin\api-ms-win-core-processthreads-l1-1-1.dll
0x000007fedff50000 - 0x000007fedff53000 	C:\Program Files\Java\jdk-11.0.10\bin\api-ms-win-core-file-l1-2-0.dll
0x000007fedff40000 - 0x000007fedff43000 	C:\Program Files\Java\jdk-11.0.10\bin\api-ms-win-core-timezone-l1-1-0.dll
0x000007fedfe10000 - 0x000007fedfe13000 	C:\Program Files\Java\jdk-11.0.10\bin\api-ms-win-core-file-l2-1-0.dll
0x000007fedf3c0000 - 0x000007fedf3c3000 	C:\Program Files\Java\jdk-11.0.10\bin\api-ms-win-core-synch-l1-2-0.dll
0x000007fedf0d0000 - 0x000007fedf0d3000 	C:\Program Files\Java\jdk-11.0.10\bin\api-ms-win-crt-heap-l1-1-0.dll
0x000007fedf0c0000 - 0x000007fedf0c4000 	C:\Program Files\Java\jdk-11.0.10\bin\api-ms-win-crt-string-l1-1-0.dll
0x000007fed34e0000 - 0x000007fed34e4000 	C:\Program Files\Java\jdk-11.0.10\bin\api-ms-win-crt-stdio-l1-1-0.dll
0x000007fed34d0000 - 0x000007fed34d4000 	C:\Program Files\Java\jdk-11.0.10\bin\api-ms-win-crt-convert-l1-1-0.dll
0x000007fed34c0000 - 0x000007fed34c3000 	C:\Program Files\Java\jdk-11.0.10\bin\api-ms-win-crt-environment-l1-1-0.dll
0x000007fed2d30000 - 0x000007fed2d33000 	C:\Program Files\Java\jdk-11.0.10\bin\api-ms-win-crt-filesystem-l1-1-0.dll
0x000007fed2d20000 - 0x000007fed2d25000 	C:\Program Files\Java\jdk-11.0.10\bin\api-ms-win-crt-math-l1-1-0.dll
0x000007fed2d10000 - 0x000007fed2d13000 	C:\Program Files\Java\jdk-11.0.10\bin\api-ms-win-crt-locale-l1-1-0.dll
0x000007feff9d0000 - 0x000007feff9fe000 	C:\Windows\system32\IMM32.DLL
0x000007fefdca0000 - 0x000007fefdda9000 	C:\Windows\system32\MSCTF.dll
0x000007fecfdb0000 - 0x000007fecfe4b000 	C:\Program Files\Java\jdk-11.0.10\bin\msvcp140.dll
0x000007fed2350000 - 0x000007fed2353000 	C:\Program Files\Java\jdk-11.0.10\bin\api-ms-win-crt-time-l1-1-0.dll
0x000007fed2340000 - 0x000007fed2343000 	C:\Program Files\Java\jdk-11.0.10\bin\api-ms-win-crt-utility-l1-1-0.dll
0x000007fecf2b0000 - 0x000007fecfdab000 	C:\Program Files\Java\jdk-11.0.10\bin\server\jvm.dll
0x000007fefadb0000 - 0x000007fefadb9000 	C:\Windows\system32\WSOCK32.dll
0x000007fefe6d0000 - 0x000007fefe71d000 	C:\Windows\system32\WS2_32.dll
0x000007fefe3f0000 - 0x000007fefe3f8000 	C:\Windows\system32\NSI.dll
0x000007fef9d10000 - 0x000007fef9d4b000 	C:\Windows\system32\WINMM.dll
0x0000000077db0000 - 0x0000000077db7000 	C:\Windows\system32\PSAPI.DLL
0x000007fed2330000 - 0x000007fed2340000 	C:\Program Files\Java\jdk-11.0.10\bin\verify.dll
0x000007fef5a40000 - 0x000007fef5b65000 	C:\Windows\system32\DBGHELP.DLL
0x000007fed22b0000 - 0x000007fed22d8000 	C:\Program Files\Java\jdk-11.0.10\bin\java.dll
0x000007fecf2a0000 - 0x000007fecf2aa000 	C:\Program Files\Java\jdk-11.0.10\bin\jimage.dll
0x000007fecf280000 - 0x000007fecf296000 	C:\Program Files\Java\jdk-11.0.10\bin\zip.dll
0x000007fefec40000 - 0x000007feff9ca000 	C:\Windows\system32\SHELL32.dll
0x000007fefe0f0000 - 0x000007fefe2ec000 	C:\Windows\system32\ole32.dll
0x000007fefd8e0000 - 0x000007fefd8ef000 	C:\Windows\system32\profapi.dll
0x000007fecf260000 - 0x000007fecf279000 	C:\Program Files\Java\jdk-11.0.10\bin\net.dll
0x000007fef9ed0000 - 0x000007fef9f41000 	C:\Windows\system32\WINHTTP.dll
0x000007fef9e60000 - 0x000007fef9ec4000 	C:\Windows\system32\webio.dll
0x000007fefd060000 - 0x000007fefd0b5000 	C:\Windows\system32\mswsock.dll
0x000007fefd050000 - 0x000007fefd057000 	C:\Windows\System32\wship6.dll
0x000007fecf240000 - 0x000007fecf252000 	C:\Program Files\Java\jdk-11.0.10\bin\nio.dll
0x000007feed570000 - 0x000007feed579000 	C:\Program Files\Java\jdk-11.0.10\bin\management.dll
0x000007feed560000 - 0x000007feed56b000 	C:\Program Files\Java\jdk-11.0.10\bin\management_ext.dll
0x000007fefba30000 - 0x000007fefba45000 	C:\Windows\system32\NLAapi.dll
0x000007fef58b0000 - 0x000007fef58c5000 	C:\Windows\system32\napinsp.dll
0x000007fef5890000 - 0x000007fef58a9000 	C:\Windows\system32\pnrpnsp.dll
0x000007fef5880000 - 0x000007fef5890000 	C:\Windows\system32\wshbth.dll
0x000007fefcee0000 - 0x000007fefcf3b000 	C:\Windows\system32\DNSAPI.dll
0x000007fef5870000 - 0x000007fef587b000 	C:\Windows\System32\winrnr.dll
0x000007fefca80000 - 0x000007fefca97000 	C:\Windows\System32\InetLock.dll
0x000007fefca60000 - 0x000007fefca67000 	C:\Windows\System32\wshtcpip.dll
0x000007fefb370000 - 0x000007fefb397000 	C:\Windows\system32\IPHLPAPI.DLL
0x000007fefb350000 - 0x000007fefb35b000 	C:\Windows\system32\WINNSI.DLL
0x000007fef9cc0000 - 0x000007fef9cc8000 	C:\Windows\system32\rasadhlp.dll
0x000007fefb200000 - 0x000007fefb253000 	C:\Windows\System32\fwpuclnt.dll
0x000007fefd0c0000 - 0x000007fefd0d8000 	C:\Windows\system32\CRYPTSP.dll
0x000007fefcdc0000 - 0x000007fefce07000 	C:\Windows\system32\rsaenh.dll
0x000007fefdb10000 - 0x000007fefdb2e000 	C:\Windows\system32\USERENV.dll
0x000007fefd780000 - 0x000007fefd78f000 	C:\Windows\system32\CRYPTBASE.dll
0x000007fefb1b0000 - 0x000007fefb1c8000 	C:\Windows\system32\dhcpcsvc.DLL
0x000007fefb140000 - 0x000007fefb151000 	C:\Windows\system32\dhcpcsvc6.DLL

dbghelp: loaded successfully - version: 4.0.5 - missing functions: none
symbol engine: initialized successfully - sym options: 0x614 - pdb path: .;C:\Program Files\Java\jdk-11.0.10\bin;C:\Windows\SYSTEM32;C:\Windows\WinSxS\amd64_microsoft.windows.common-controls_6595b64144ccf1df_6.0.7601.18837_none_fa3b1e3d17594757;C:\Program Files\Java\jdk-11.0.10\bin\server

VM Arguments:
jvm_args: -Dcom.sun.management.jmxremote -Dcom.sun.management.jmxremote.port=59184 -Dcom.sun.management.jmxremote.authenticate=false -Dcom.sun.management.jmxremote.ssl=false -Djava.rmi.server.hostname=localhost -Dspring.application.admin.enabled=true -Dspring.jmx.enabled=true -Dfile.encoding=UTF-8 
java_command: br.com.serratec.lojavirtual.LojaVirtualApplication
java_class_path (initial): C:\Users\Alethos\Desktop\api-final\loja-virtual\target\classes;C:\Users\Alethos\.m2\repository\org\springframework\boot\spring-boot-starter-data-jpa\2.5.0\spring-boot-starter-data-jpa-2.5.0.jar;C:\Users\Alethos\.m2\repository\org\springframework\boot\spring-boot-starter-aop\2.5.0\spring-boot-starter-aop-2.5.0.jar;C:\Users\Alethos\.m2\repository\org\aspectj\aspectjweaver\1.9.6\aspectjweaver-1.9.6.jar;C:\Users\Alethos\.m2\repository\org\springframework\boot\spring-boot-starter-jdbc\2.5.0\spring-boot-starter-jdbc-2.5.0.jar;C:\Users\Alethos\.m2\repository\com\zaxxer\HikariCP\4.0.3\HikariCP-4.0.3.jar;C:\Users\Alethos\.m2\repository\org\springframework\spring-jdbc\5.3.7\spring-jdbc-5.3.7.jar;C:\Users\Alethos\.m2\repository\jakarta\transaction\jakarta.transaction-api\1.3.3\jakarta.transaction-api-1.3.3.jar;C:\Users\Alethos\.m2\repository\jakarta\persistence\jakarta.persistence-api\2.2.3\jakarta.persistence-api-2.2.3.jar;C:\Users\Alethos\.m2\repository\org\hibernate\hibernate-core\5.4.31.Final\hibernate-core-5.4.31.Final.jar;C:\Users\Alethos\.m2\repository\org\jboss\logging\jboss-logging\3.4.1.Final\jboss-logging-3.4.1.Final.jar;C:\Users\Alethos\.m2\repository\org\javassist\javassist\3.27.0-GA\javassist-3.27.0-GA.jar;C:\Users\Alethos\.m2\repository\net\bytebuddy\byte-buddy\1.10.22\byte-buddy-1.10.22.jar;C:\Users\Alethos\.m2\repository\antlr\antlr\2.7.7\antlr-2.7.7.jar;C:\Users\Alethos\.m2\repository\org\jboss\jandex\2.2.3.Final\jandex-2.2.3.Final.jar;C:\Users\Alethos\.m2\repository\org\dom4j\dom4j\2.1.3\dom4j-2.1.3.jar;C:\Users\Alethos\.m2\repository\org\hibernate\common\hibernate-commons-annotations\5.1.2.Final\hibernate-commons-annotations-5.1.2.Final.jar;C:\Users\Alethos\.m2\repository\org\glassfish\jaxb\jaxb-runtime\2.3.4\jaxb-runtime-2.3.4.jar;C:\Users\Alethos\.m2\repository\org\glassfish\jaxb\txw2\2.3.4\txw2-2.3.4.jar;C:\Users\Alethos\.m2\repository\com\sun\istack\istack-commons-runtime\3.0.12\istack-commons-runtime-3.0.12.jar;C:\Users\Ale
Launcher Type: SUN_STANDARD

[Global flags]
     intx CICompilerCount                          = 3                                         {product} {ergonomic}
     uint ConcGCThreads                            = 1                                         {product} {ergonomic}
     uint G1ConcRefinementThreads                  = 4                                         {product} {ergonomic}
   size_t G1HeapRegionSize                         = 1048576                                   {product} {ergonomic}
    uintx GCDrainStackTargetSize                   = 64                                        {product} {ergonomic}
   size_t InitialHeapSize                          = 65011712                                  {product} {ergonomic}
     bool ManagementServer                         = true                                      {product} {command line}
   size_t MarkStackSize                            = 4194304                                   {product} {ergonomic}
   size_t MaxHeapSize                              = 1021313024                                {product} {ergonomic}
   size_t MaxNewSize                               = 612368384                                 {product} {ergonomic}
   size_t MinHeapDeltaBytes                        = 1048576                                   {product} {ergonomic}
    uintx NonNMethodCodeHeapSize                   = 5830732                                {pd product} {ergonomic}
    uintx NonProfiledCodeHeapSize                  = 122913754                              {pd product} {ergonomic}
    uintx ProfiledCodeHeapSize                     = 122913754                              {pd product} {ergonomic}
    uintx ReservedCodeCacheSize                    = 251658240                              {pd product} {ergonomic}
     bool SegmentedCodeCache                       = true                                      {product} {ergonomic}
     bool UseCompressedClassPointers               = true                                 {lp64_product} {ergonomic}
     bool UseCompressedOops                        = true                                 {lp64_product} {ergonomic}
     bool UseG1GC                                  = true                                      {product} {ergonomic}
     bool UseLargePagesIndividualAllocation        = false                                  {pd product} {ergonomic}

Logging:
Log output configuration:
 #0: stdout all=warning uptime,level,tags
 #1: stderr all=off uptime,level,tags

Environment Variables:
JAVA_HOME=C:\Program Files\Java\jdk-11.0.10
PATH=C:\Program Files\Common Files\Oracle\Java\javapath;C:\Windows\system32;C:\Windows;C:\Windows\System32\Wbem;C:\Windows\System32\WindowsPowerShell\v1.0\;C:\Program Files\nodejs\;C:\Program Files\Git\cmd\;C:\Program Files\Java\jdk-11.0.10\bin;C:\Users\Alethos\AppData\Local\Programs\Python\Python37-32\Scripts\;C:\Users\Alethos\AppData\Local\Programs\Python\Python37-32\;C:\Users\Alethos\AppData\Local\atom\bin;C:\Users\Alethos\AppData\Roaming\npm;C:\Program Files\heroku\bin
USERNAME=Alethos
OS=Windows_NT
PROCESSOR_IDENTIFIER=Intel64 Family 6 Model 37 Stepping 5, GenuineIntel



---------------  S Y S T E M  ---------------

OS: Windows 7 , 64 bit Build 7601 (6.1.7601.24384)

CPU:total 4 (initial active 4) (2 cores per cpu, 2 threads per core) family 6 model 37 stepping 5 microcode 0x0, cmov, cx8, fxsr, mmx, sse, sse2, sse3, ssse3, sse4.1, sse4.2, popcnt, ht, tsc, tscinvbit

Memory: 4k page, system-wide physical 3892M (152M free)
TotalPageFile size 15568M (AvailPageFile size 62M)
current process WorkingSet (physical memory assigned to process): 152M, peak: 154M
current process commit charge ("private bytes"): 232M, peak: 257M

vm_info: Java HotSpot(TM) 64-Bit Server VM (11.0.10+8-LTS-162) for windows-amd64 JRE (11.0.10+8-LTS-162), built on Dec  8 2020 16:32:57 by "mach5one" with MS VC++ 15.9 (VS2017)

END.
